[debug] [2020-10-05T07:07:21.670Z] ----------------------------------------------------------------------
[debug] [2020-10-05T07:07:21.673Z] Command:       C:\Program Files\nodejs\node.exe C:\Users\USER\AppData\Roaming\npm\node_modules\firebase-tools\lib\bin\firebase.js init
[debug] [2020-10-05T07:07:21.674Z] CLI Version:   8.10.0
[debug] [2020-10-05T07:07:21.674Z] Platform:      win32
[debug] [2020-10-05T07:07:21.674Z] Node Version:  v12.18.4
[debug] [2020-10-05T07:07:21.676Z] Time:          Mon Oct 05 2020 00:07:21 GMT-0700 (Pacific Daylight Time)
[debug] [2020-10-05T07:07:21.676Z] ----------------------------------------------------------------------
[debug] [2020-10-05T07:07:21.676Z] 
[debug] [2020-10-05T07:07:21.689Z] > command requires scopes: ["email","openid","https://www.googleapis.com/auth/cloudplatformprojects.readonly","https://www.googleapis.com/auth/firebase","https://www.googleapis.com/auth/cloud-platform"]
[debug] [2020-10-05T07:07:21.690Z] > authorizing via signed-in user
[info] 
     ######## #### ########  ######## ########     ###     ######  ########
     ##        ##  ##     ## ##       ##     ##  ##   ##  ##       ##
     ######    ##  ########  ######   ########  #########  ######  ######
     ##        ##  ##    ##  ##       ##     ## ##     ##       ## ##
     ##       #### ##     ## ######## ########  ##     ##  ######  ########

You're about to initialize a Firebase project in this directory:

  C:\Users\USER\Documents

Before we get started, keep in mind:

  * You are initializing in an existing Firebase project directory

